[NX Daemon Server] - 2024-10-29T10:21:56.152Z - Started listening on: \\.\pipe\nx\C:\Users\danie\AppData\Local\Temp\db24a55b685cdec761e4\d.sock
[NX Daemon Server] - 2024-10-29T10:21:56.156Z - [WATCHER]: Subscribed to changes within: D:\Dev\Projects\worthyd-sandbox (native)
[NX Daemon Server] - 2024-10-29T10:21:56.159Z - Established a connection. Number of open connections: 1
[NX Daemon Server] - 2024-10-29T10:21:56.160Z - Established a connection. Number of open connections: 2
[NX Daemon Server] - 2024-10-29T10:21:56.162Z - Closed a connection. Number of open connections: 1
[NX Daemon Server] - 2024-10-29T10:21:56.163Z - [REQUEST]: Client Request for Project Graph Received
[NX Daemon Server] - 2024-10-29T10:21:56.619Z - [REQUEST]: Updated workspace context based on watched changes, recomputing project graph...
[NX Daemon Server] - 2024-10-29T10:21:56.619Z - [REQUEST]: 
[NX Daemon Server] - 2024-10-29T10:21:56.619Z - [REQUEST]: 
[NX Daemon Server] - 2024-10-29T10:21:56.640Z - Time taken for 'loadNxPlugins' 453.7768ms
[NX Daemon Server] - 2024-10-29T10:21:56.640Z - Established a connection. Number of open connections: 2
[NX Daemon Server] - 2024-10-29T10:21:56.640Z - Established a connection. Number of open connections: 3
[NX Daemon Server] - 2024-10-29T10:21:56.641Z - Established a connection. Number of open connections: 4
[NX Daemon Server] - 2024-10-29T10:21:56.641Z - Established a connection. Number of open connections: 5
[NX Daemon Server] - 2024-10-29T10:21:56.642Z - Closed a connection. Number of open connections: 4
[NX Daemon Server] - 2024-10-29T10:21:56.642Z - Closed a connection. Number of open connections: 3
[NX Daemon Server] - 2024-10-29T10:21:56.644Z - [REQUEST]: Responding to the client. handleHashGlob
[NX Daemon Server] - 2024-10-29T10:21:56.646Z - [REQUEST]: Responding to the client. handleGlob
[NX Daemon Server] - 2024-10-29T10:21:56.646Z - Done responding to the client handleHashGlob
[NX Daemon Server] - 2024-10-29T10:21:56.646Z - Handled HASH_GLOB. Handling time: 1. Response time: 2.
[NX Daemon Server] - 2024-10-29T10:21:56.647Z - Done responding to the client handleGlob
[NX Daemon Server] - 2024-10-29T10:21:56.647Z - Handled GLOB. Handling time: 1. Response time: 1.
[NX Daemon Server] - 2024-10-29T10:21:56.883Z - [REQUEST]: Responding to the client. handleHashGlob
[NX Daemon Server] - 2024-10-29T10:21:56.883Z - Done responding to the client handleHashGlob
[NX Daemon Server] - 2024-10-29T10:21:56.884Z - Handled HASH_GLOB. Handling time: 0. Response time: 1.
[NX Daemon Server] - 2024-10-29T10:21:57.721Z - [REQUEST]: Responding to the client. handleHashGlob
[NX Daemon Server] - 2024-10-29T10:21:57.722Z - Done responding to the client handleHashGlob
[NX Daemon Server] - 2024-10-29T10:21:57.722Z - Handled HASH_GLOB. Handling time: 0. Response time: 1.
[NX Daemon Server] - 2024-10-29T10:21:57.745Z - [REQUEST]: Responding to the client. handleHashGlob
[NX Daemon Server] - 2024-10-29T10:21:57.745Z - Done responding to the client handleHashGlob
[NX Daemon Server] - 2024-10-29T10:21:57.745Z - Handled HASH_GLOB. Handling time: 1. Response time: 0.
[NX Daemon Server] - 2024-10-29T10:21:57.764Z - [REQUEST]: Responding to the client. handleHashGlob
[NX Daemon Server] - 2024-10-29T10:21:57.764Z - Done responding to the client handleHashGlob
[NX Daemon Server] - 2024-10-29T10:21:57.764Z - Handled HASH_GLOB. Handling time: 1. Response time: 0.
[NX Daemon Server] - 2024-10-29T10:21:57.779Z - [REQUEST]: Responding to the client. handleGlob
[NX Daemon Server] - 2024-10-29T10:21:57.779Z - Done responding to the client handleGlob
[NX Daemon Server] - 2024-10-29T10:21:57.779Z - Handled GLOB. Handling time: 1. Response time: 0.
[NX Daemon Server] - 2024-10-29T10:21:57.781Z - [REQUEST]: Responding to the client. handleGlob
[NX Daemon Server] - 2024-10-29T10:21:57.781Z - Done responding to the client handleGlob
[NX Daemon Server] - 2024-10-29T10:21:57.781Z - Handled GLOB. Handling time: 1. Response time: 0.
[NX Daemon Server] - 2024-10-29T10:21:57.783Z - [REQUEST]: Responding to the client. handleGlob
[NX Daemon Server] - 2024-10-29T10:21:57.784Z - Done responding to the client handleGlob
[NX Daemon Server] - 2024-10-29T10:21:57.784Z - Handled GLOB. Handling time: 0. Response time: 1.
[NX Daemon Server] - 2024-10-29T10:21:57.785Z - [REQUEST]: Responding to the client. handleGlob
[NX Daemon Server] - 2024-10-29T10:21:57.785Z - Done responding to the client handleGlob
[NX Daemon Server] - 2024-10-29T10:21:57.785Z - Handled GLOB. Handling time: 0. Response time: 0.
[NX Daemon Server] - 2024-10-29T10:21:58.315Z - [REQUEST]: Responding to the client. handleHashGlob
[NX Daemon Server] - 2024-10-29T10:21:58.315Z - Done responding to the client handleHashGlob
[NX Daemon Server] - 2024-10-29T10:21:58.315Z - Handled HASH_GLOB. Handling time: 1. Response time: 0.
[NX Daemon Server] - 2024-10-29T10:21:58.317Z - [REQUEST]: Responding to the client. handleHashGlob
[NX Daemon Server] - 2024-10-29T10:21:58.317Z - Done responding to the client handleHashGlob
[NX Daemon Server] - 2024-10-29T10:21:58.317Z - Handled HASH_GLOB. Handling time: 0. Response time: 0.
[NX Daemon Server] - 2024-10-29T10:21:58.319Z - [REQUEST]: Responding to the client. handleHashGlob
[NX Daemon Server] - 2024-10-29T10:21:58.319Z - Done responding to the client handleHashGlob
[NX Daemon Server] - 2024-10-29T10:21:58.319Z - Handled HASH_GLOB. Handling time: 1. Response time: 0.
[NX Daemon Server] - 2024-10-29T10:21:58.320Z - [REQUEST]: Responding to the client. handleHashGlob
[NX Daemon Server] - 2024-10-29T10:21:58.321Z - Done responding to the client handleHashGlob
[NX Daemon Server] - 2024-10-29T10:21:58.321Z - Handled HASH_GLOB. Handling time: 0. Response time: 1.
[NX Daemon Server] - 2024-10-29T10:21:58.322Z - [REQUEST]: Responding to the client. handleHashGlob
[NX Daemon Server] - 2024-10-29T10:21:58.322Z - Done responding to the client handleHashGlob
[NX Daemon Server] - 2024-10-29T10:21:58.322Z - Handled HASH_GLOB. Handling time: 0. Response time: 0.
[NX Daemon Server] - 2024-10-29T10:21:58.324Z - [REQUEST]: Responding to the client. handleHashGlob
[NX Daemon Server] - 2024-10-29T10:21:58.324Z - Done responding to the client handleHashGlob
[NX Daemon Server] - 2024-10-29T10:21:58.324Z - Handled HASH_GLOB. Handling time: 0. Response time: 0.
[NX Daemon Server] - 2024-10-29T10:21:58.326Z - [REQUEST]: Responding to the client. handleHashGlob
[NX Daemon Server] - 2024-10-29T10:21:58.326Z - Done responding to the client handleHashGlob
[NX Daemon Server] - 2024-10-29T10:21:58.326Z - Handled HASH_GLOB. Handling time: 1. Response time: 0.
[NX Daemon Server] - 2024-10-29T10:21:58.328Z - [REQUEST]: Responding to the client. handleHashGlob
[NX Daemon Server] - 2024-10-29T10:21:58.328Z - Done responding to the client handleHashGlob
[NX Daemon Server] - 2024-10-29T10:21:58.328Z - Handled HASH_GLOB. Handling time: 1. Response time: 0.
[NX Daemon Server] - 2024-10-29T10:21:58.355Z - Time taken for 'build-project-configs' 1713.4112999999998ms
[NX Daemon Server] - 2024-10-29T10:21:58.443Z - [SYNC]: collect registered sync generators
[NX Daemon Server] - 2024-10-29T10:21:58.444Z - [REQUEST]: Responding to the client. project-graph
[NX Daemon Server] - 2024-10-29T10:21:58.445Z - Time taken for 'total for creating and serializing project graph' 2281.2166ms
[NX Daemon Server] - 2024-10-29T10:21:58.445Z - Done responding to the client project-graph
[NX Daemon Server] - 2024-10-29T10:21:58.446Z - Handled REQUEST_PROJECT_GRAPH. Handling time: 2281. Response time: 2.
[NX Daemon Server] - 2024-10-29T10:21:58.454Z - Closed a connection. Number of open connections: 2
